<?xml version="1.0" encoding="UTF-8"?>
<!-- Generated by org.testng.reporters.JUnitReportReporter -->
<testsuite skipped="0" hostname="Kennys-iMac" name="com.amplifylife.testcases.homePageTest" tests="1" failures="0" timestamp="28 Jun 2019 19:55:07 GMT" time="2.982" errors="0">
  <testcase name="homePageVideo" time="2.982" classname="com.amplifylife.testcases.homePageTest"/>
</testsuite> <!-- com.amplifylife.testcases.homePageTest -->
